Using pre-set license
Built from '2022.1/staging' branch; Version is '2022.1.7f1 (240f4c1f462c) revision 2363212'; Using compiler version '192829333'; Build Type 'Release'
OS: 'Windows 10  (10.0.19044) 64bit Professional' Language: 'en' Physical Memory: 16291 MB
BatchMode: 1, IsHumanControllingUs: 0, StartBugReporterOnCrash: 0, Is64bit: 1, IsPro: 1

COMMAND LINE ARGUMENTS:
E:\2022.1.7f1\Editor\Unity.exe
-adb2
-batchMode
-noUpm
-name
AssetImportWorker3
-projectPath
E:/Unity Projects/Android Game
-logFile
Logs/AssetImportWorker3.log
-srvPort
65130
Successfully changed project path to: E:/Unity Projects/Android Game
E:/Unity Projects/Android Game
[UnityMemory] Configuration Parameters - Can be set up in boot.config
    "memorysetup-bucket-allocator-granularity=16"
    "memorysetup-bucket-allocator-bucket-count=8"
    "memorysetup-bucket-allocator-block-size=33554432"
    "memorysetup-bucket-allocator-block-count=8"
    "memorysetup-main-allocator-block-size=16777216"
    "memorysetup-thread-allocator-block-size=16777216"
    "memorysetup-gfx-main-allocator-block-size=16777216"
    "memorysetup-gfx-thread-allocator-block-size=16777216"
    "memorysetup-cache-allocator-block-size=4194304"
    "memorysetup-typetree-allocator-block-size=2097152"
    "memorysetup-profiler-bucket-allocator-granularity=16"
    "memorysetup-profiler-bucket-allocator-bucket-count=8"
    "memorysetup-profiler-bucket-allocator-block-size=33554432"
    "memorysetup-profiler-bucket-allocator-block-count=8"
    "memorysetup-profiler-allocator-block-size=16777216"
    "memorysetup-profiler-editor-allocator-block-size=1048576"
    "memorysetup-temp-allocator-size-main=16777216"
    "memorysetup-job-temp-allocator-block-size=2097152"
    "memorysetup-job-temp-allocator-block-size-background=1048576"
    "memorysetup-job-temp-allocator-reduction-small-platforms=262144"
    "memorysetup-temp-allocator-size-background-worker=32768"
    "memorysetup-temp-allocator-size-job-worker=262144"
    "memorysetup-temp-allocator-size-preload-manager=33554432"
    "memorysetup-temp-allocator-size-nav-mesh-worker=65536"
    "memorysetup-temp-allocator-size-audio-worker=65536"
    "memorysetup-temp-allocator-size-cloud-worker=32768"
    "memorysetup-temp-allocator-size-gi-baking-worker=262144"
    "memorysetup-temp-allocator-size-gfx=262144"
Refreshing native plugins compatible for Editor in 81.92 ms, found 3 plugins.
Preloading 0 native plugins for Editor in 0.00 ms.
Initialize engine version: 2022.1.7f1 (240f4c1f462c)
[Subsystems] Discovering subsystems at path E:/2022.1.7f1/Editor/Data/Resources/UnitySubsystems
[Subsystems] Discovering subsystems at path E:/Unity Projects/Android Game/Assets
GfxDevice: creating device client; threaded=0; jobified=0
Direct3D:
    Version:  Direct3D 11.0 [level 11.1]
    Renderer: NVIDIA GeForce GTX 1080 (ID=0x1b80)
    Vendor:   NVIDIA
    VRAM:     8079 MB
    Driver:   31.0.15.1694
Initialize mono
Mono path[0] = 'E:/2022.1.7f1/Editor/Data/Managed'
Mono path[1] = 'E:/2022.1.7f1/Editor/Data/MonoBleedingEdge/lib/mono/unityjit-win32'
Mono config path = 'E:/2022.1.7f1/Editor/Data/MonoBleedingEdge/etc'
Using monoOptions --debugger-agent=transport=dt_socket,embedding=1,server=y,suspend=n,address=127.0.0.1:56728
Begin MonoManager ReloadAssembly
Registering precompiled unity dll's ...
Register platform support module: E:/2022.1.7f1/Editor/Data/PlaybackEngines/AndroidPlayer/UnityEditor.Android.Extensions.dll
Register platform support module: E:/2022.1.7f1/Editor/Data/PlaybackEngines/WindowsStandaloneSupport/UnityEditor.WindowsStandalone.Extensions.dll
Registered in 0.002473 seconds.
Native extension for WindowsStandalone target not found
Native extension for Android target not found
Refreshing native plugins compatible for Editor in 81.65 ms, found 3 plugins.
Preloading 0 native plugins for Editor in 0.00 ms.
Mono: successfully reloaded assembly
- Completed reload, in  0.950 seconds
Domain Reload Profiling:
	ReloadAssembly (951ms)
		BeginReloadAssembly (70ms)
			ExecutionOrderSort (0ms)
			DisableScriptedObjects (0ms)
			BackupInstance (0ms)
			ReleaseScriptingObjects (0ms)
			CreateAndSetChildDomain (1ms)
		EndReloadAssembly (663ms)
			LoadAssemblies (70ms)
			RebuildTransferFunctionScriptingTraits (0ms)
			SetupTypeCache (279ms)
				TypeCache.Initialize (279ms)
					TypeCache.ScanAssembly (277ms)
				ResolveRequiredComponents (0ms)
			ReleaseScriptCaches (0ms)
			RebuildScriptCaches (29ms)
			SetupLoadedEditorAssemblies (301ms)
				LogAssemblyErrors (0ms)
				InitializePlatformSupportModulesInManaged (51ms)
				SetLoadedEditorAssemblies (10ms)
				RefreshPlugins (82ms)
				BeforeProcessingInitializeOnLoad (1ms)
				ProcessInitializeOnLoadAttributes (106ms)
				ProcessInitializeOnLoadMethodAttributes (52ms)
				AfterProcessingInitializeOnLoad (0ms)
				EditorAssembliesLoaded (0ms)
			ExecutionOrderSort2 (0ms)
			AwakeInstancesAfterBackupRestoration (0ms)
Platform modules already initialized, skipping
Registering precompiled user dll's ...
Registered in 0.005816 seconds.
Begin MonoManager ReloadAssembly
Symbol file LoadedFromMemory doesn't match image E:\Unity Projects\Android Game\Library\PackageCache\com.unity.visualscripting@1.7.8\Editor\VisualScripting.Core\Dependencies\YamlDotNet\Unity.VisualScripting.YamlDotNet.dll
Symbol file LoadedFromMemory doesn't match image E:\Unity Projects\Android Game\Library\PackageCache\com.unity.visualscripting@1.7.8\Editor\VisualScripting.Core\Dependencies\DotNetZip\Unity.VisualScripting.IonicZip.dll
Native extension for WindowsStandalone target not found
Native extension for Android target not found
Refreshing native plugins compatible for Editor in 0.72 ms, found 3 plugins.
Preloading 0 native plugins for Editor in 0.00 ms.
Mono: successfully reloaded assembly
- Completed reload, in  1.219 seconds
Domain Reload Profiling:
	ReloadAssembly (1220ms)
		BeginReloadAssembly (253ms)
			ExecutionOrderSort (0ms)
			DisableScriptedObjects (6ms)
			BackupInstance (0ms)
			ReleaseScriptingObjects (0ms)
			CreateAndSetChildDomain (148ms)
		EndReloadAssembly (863ms)
			LoadAssemblies (91ms)
			RebuildTransferFunctionScriptingTraits (0ms)
			SetupTypeCache (269ms)
				TypeCache.Initialize (265ms)
					TypeCache.ScanAssembly (261ms)
				ResolveRequiredComponents (4ms)
			ReleaseScriptCaches (1ms)
			RebuildScriptCaches (53ms)
			SetupLoadedEditorAssemblies (422ms)
				LogAssemblyErrors (0ms)
				InitializePlatformSupportModulesInManaged (12ms)
				SetLoadedEditorAssemblies (7ms)
				RefreshPlugins (1ms)
				BeforeProcessingInitializeOnLoad (85ms)
				ProcessInitializeOnLoadAttributes (288ms)
				ProcessInitializeOnLoadMethodAttributes (28ms)
				AfterProcessingInitializeOnLoad (2ms)
				EditorAssembliesLoaded (0ms)
			ExecutionOrderSort2 (0ms)
			AwakeInstancesAfterBackupRestoration (5ms)
Platform modules already initialized, skipping
========================================================================
Worker process is ready to serve import requests
Launched and connected shader compiler UnityShaderCompiler.exe after 0.05 seconds
Refreshing native plugins compatible for Editor in 0.65 ms, found 3 plugins.
Preloading 0 native plugins for Editor in 0.00 ms.
Unloading 3579 Unused Serialized files (Serialized files now loaded: 0)
Unloading 28 unused Assets / (57.8 KB). Loaded Objects now: 4045.
Memory consumption went from 0.54 GB to 0.54 GB.
Total: 5.020400 ms (FindLiveObjects: 0.428200 ms CreateObjectMapping: 0.132800 ms MarkObjects: 4.318800 ms  DeleteObjects: 0.139000 ms)

AssetImportParameters requested are different than current active one (requested -> active):
  custom:video-decoder-ogg-theora: a1e56fd34408186e4bbccfd4996cb3dc -> 
  custom:container-muxer-webm: aa71ff27fc2769a1b78a27578f13a17b -> 
  custom:container-demuxer-webm: 4f35f7cbe854078d1ac9338744f61a02 -> 
  custom:video-encoder-webm-vp8: eb34c28f22e8b96e1ab97ce403110664 -> 
  custom:audio-encoder-webm-vorbis: bf7c407c2cedff20999df2af8eb42d56 -> 
  custom:framework-win-MediaFoundation: 216162199b28c13a410421893ffa2e32 -> 
  custom:container-demuxer-ogg: 62fdf1f143b41e24485cea50d1cbac27 -> 
  custom:video-decoder-webm-vp8: 9c59270c3fd7afecdb556c50c9e8de78 -> 
  custom:audio-decoder-ogg-vorbis: bf7c407c2cedff20999df2af8eb42d56 -> 
========================================================================
Received Import Request.
  Time since last request: 348623.085530 seconds.
  path: Assets/Meshes/Low Poly Chest Animated/Prefabs/Chest_Pink.prefab
  artifactKey: Guid(0c1ffc6615ffb334394841486a3ade3b) Importer(815301076,1909f56bfc062723c751e8b465ee728b)
Start importing Assets/Meshes/Low Poly Chest Animated/Prefabs/Chest_Pink.prefab using Guid(0c1ffc6615ffb334394841486a3ade3b) Importer(815301076,1909f56bfc062723c751e8b465ee728b)  -> (artifact id: 'd12a8f7d3af2b78b1d8fc862af910ce5') in 0.120954 seconds 
========================================================================
Received Import Request.
  Time since last request: 1255.481163 seconds.
  path: Assets/UI assets/ChestSkins/chestSkin_1.PNG
  artifactKey: Guid(c1d3ecca61ff4704693206649b09b10c) Importer(815301076,1909f56bfc062723c751e8b465ee728b)
Start importing Assets/UI assets/ChestSkins/chestSkin_1.PNG using Guid(c1d3ecca61ff4704693206649b09b10c) Importer(815301076,1909f56bfc062723c751e8b465ee728b)  -> (artifact id: 'c37688fa8f6a73bfc4ec03fdb71df4ef') in 0.053682 seconds 
========================================================================
Received Import Request.
  Time since last request: 0.000036 seconds.
  path: Assets/UI assets/ChestSkins/chestSkin_2.PNG
  artifactKey: Guid(c1d802f4bd7c8eb48a24f9917df6cd79) Importer(815301076,1909f56bfc062723c751e8b465ee728b)
Start importing Assets/UI assets/ChestSkins/chestSkin_2.PNG using Guid(c1d802f4bd7c8eb48a24f9917df6cd79) Importer(815301076,1909f56bfc062723c751e8b465ee728b)  -> (artifact id: '0da69dfbda8643fea825a8391120e64b') in 0.019512 seconds 
========================================================================
Received Import Request.
  Time since last request: 0.000043 seconds.
  path: Assets/UI assets/ChestSkins/chestSkin_7.PNG
  artifactKey: Guid(9697f030ca1291b4ba8733083de3f019) Importer(815301076,1909f56bfc062723c751e8b465ee728b)
Start importing Assets/UI assets/ChestSkins/chestSkin_7.PNG using Guid(9697f030ca1291b4ba8733083de3f019) Importer(815301076,1909f56bfc062723c751e8b465ee728b)  -> (artifact id: '8e625b440605a77eeff8b21018f493e5') in 0.017760 seconds 
========================================================================
Received Import Request.
  Time since last request: 0.000029 seconds.
  path: Assets/UI assets/ChestSkins/chestSkin_11.PNG
  artifactKey: Guid(055695ce797e00a449f150dfe24d66e2) Importer(815301076,1909f56bfc062723c751e8b465ee728b)
Start importing Assets/UI assets/ChestSkins/chestSkin_11.PNG using Guid(055695ce797e00a449f150dfe24d66e2) Importer(815301076,1909f56bfc062723c751e8b465ee728b)  -> (artifact id: 'ce894ada45e5639bd01e7ab96952ee88') in 0.021667 seconds 
========================================================================
Received Import Request.
  Time since last request: 0.000026 seconds.
  path: Assets/UI assets/ChestSkins/chestSkin_4.PNG
  artifactKey: Guid(bdd50881fdb279f4b9fc18243be61644) Importer(815301076,1909f56bfc062723c751e8b465ee728b)
Start importing Assets/UI assets/ChestSkins/chestSkin_4.PNG using Guid(bdd50881fdb279f4b9fc18243be61644) Importer(815301076,1909f56bfc062723c751e8b465ee728b)  -> (artifact id: 'a1dd073b7bb09b70a255a2999df4851d') in 0.014982 seconds 
========================================================================
Received Import Request.
  Time since last request: 0.000025 seconds.
  path: Assets/UI assets/ChestSkins/chestSkin_3.PNG
  artifactKey: Guid(87339e7400676ff4dbd0efa3da6ab07c) Importer(815301076,1909f56bfc062723c751e8b465ee728b)
Start importing Assets/UI assets/ChestSkins/chestSkin_3.PNG using Guid(87339e7400676ff4dbd0efa3da6ab07c) Importer(815301076,1909f56bfc062723c751e8b465ee728b)  -> (artifact id: 'dc44ff900e627cf9a372bd14a72f11e6') in 0.013538 seconds 
========================================================================
Received Import Request.
  Time since last request: 18.444095 seconds.
  path: Assets/UI assets/ChestSkins/chestSkin_1.PNG
  artifactKey: Guid(c1d3ecca61ff4704693206649b09b10c) Importer(815301076,1909f56bfc062723c751e8b465ee728b)
Start importing Assets/UI assets/ChestSkins/chestSkin_1.PNG using Guid(c1d3ecca61ff4704693206649b09b10c) Importer(815301076,1909f56bfc062723c751e8b465ee728b)  -> (artifact id: 'cc538813aa230e0eb611e89f8b67f38a') in 0.079591 seconds 
========================================================================
Received Import Request.
  Time since last request: 0.000025 seconds.
  path: Assets/UI assets/ChestSkins/chestSkin_9.PNG
  artifactKey: Guid(075d27f9d2c9d424ca86de774ab3571d) Importer(815301076,1909f56bfc062723c751e8b465ee728b)
Start importing Assets/UI assets/ChestSkins/chestSkin_9.PNG using Guid(075d27f9d2c9d424ca86de774ab3571d) Importer(815301076,1909f56bfc062723c751e8b465ee728b)  -> (artifact id: '3359e962e58d77595c39db36204e6ba9') in 0.049341 seconds 
========================================================================
Received Import Request.
  Time since last request: 0.000029 seconds.
  path: Assets/UI assets/ChestSkins/chestSkin_11.PNG
  artifactKey: Guid(055695ce797e00a449f150dfe24d66e2) Importer(815301076,1909f56bfc062723c751e8b465ee728b)
Start importing Assets/UI assets/ChestSkins/chestSkin_11.PNG using Guid(055695ce797e00a449f150dfe24d66e2) Importer(815301076,1909f56bfc062723c751e8b465ee728b)  -> (artifact id: '1eb579f62b71905bcf81d1ec8b0b17d2') in 0.055854 seconds 
Editor requested this worker to shutdown with reason: Scaling down because of idle timeout
AssetImportWorker is now disconnected from the server
Process exiting
Exiting without the bug reporter. Application will terminate with return code 0